[debug] [2023-12-13T08:51:55.172Z] ----------------------------------------------------------------------
[debug] [2023-12-13T08:51:55.174Z] Command:       C:\Program Files\nodejs\node.exe C:\Users\Andrei\AppData\Roaming\npm\node_modules\firebase-tools\lib\bin\firebase.js login
[debug] [2023-12-13T08:51:55.174Z] CLI Version:   13.0.1
[debug] [2023-12-13T08:51:55.174Z] Platform:      win32
[debug] [2023-12-13T08:51:55.174Z] Node Version:  v20.10.0
[debug] [2023-12-13T08:51:55.175Z] Time:          Wed Dec 13 2023 10:51:55 GMT+0200 (Eastern European Standard Time)
[debug] [2023-12-13T08:51:55.175Z] ----------------------------------------------------------------------
[debug] 
[info] i  Firebase optionally collects CLI and Emulator Suite usage and error reporting information to help improve our products. Data is collected in accordance with Google's privacy policy (https://policies.google.com/privacy) and is not used to identify you.
 
[info] i  To change your data collection preference at any time, run `firebase logout` and log in again. 
[info] 
[info] Visit this URL on this device to log in:
[info] https://accounts.google.com/o/oauth2/auth?client_id=563584335869-fgrhgmd47bqnekij5i8b5pr03ho849e6.apps.googleusercontent.com&scope=email%20openid%20https%3A%2F%2Fwww.googleapis.com%2Fauth%2Fcloudplatformprojects.readonly%20https%3A%2F%2Fwww.googleapis.com%2Fauth%2Ffirebase%20https%3A%2F%2Fwww.googleapis.com%2Fauth%2Fcloud-platform&response_type=code&state=638366888&redirect_uri=http%3A%2F%2Flocalhost%3A9005
[info] 
[info] Waiting for authentication...
[debug] [2023-12-13T10:09:15.461Z] ----------------------------------------------------------------------
[debug] [2023-12-13T10:09:15.471Z] Command:       C:\Program Files\nodejs\node.exe C:\Users\Andrei\AppData\Roaming\npm\node_modules\firebase-tools\lib\bin\firebase.js login
[debug] [2023-12-13T10:09:15.471Z] CLI Version:   13.0.1
[debug] [2023-12-13T10:09:15.472Z] Platform:      win32
[debug] [2023-12-13T10:09:15.472Z] Node Version:  v20.10.0
[debug] [2023-12-13T10:09:15.472Z] Time:          Wed Dec 13 2023 12:09:15 GMT+0200 (Eastern European Standard Time)
[debug] [2023-12-13T10:09:15.472Z] ----------------------------------------------------------------------
[debug] 
[info] i  Firebase optionally collects CLI and Emulator Suite usage and error reporting information to help improve our products. Data is collected in accordance with Google's privacy policy (https://policies.google.com/privacy) and is not used to identify you.
 
[info] i  To change your data collection preference at any time, run `firebase logout` and log in again. 
[info] 
[info] Visit this URL on this device to log in:
[info] https://accounts.google.com/o/oauth2/auth?client_id=563584335869-fgrhgmd47bqnekij5i8b5pr03ho849e6.apps.googleusercontent.com&scope=email%20openid%20https%3A%2F%2Fwww.googleapis.com%2Fauth%2Fcloudplatformprojects.readonly%20https%3A%2F%2Fwww.googleapis.com%2Fauth%2Ffirebase%20https%3A%2F%2Fwww.googleapis.com%2Fauth%2Fcloud-platform&response_type=code&state=255231168&redirect_uri=http%3A%2F%2Flocalhost%3A9005
[info] 
[info] Waiting for authentication...
